#
# There is insufficient memory for the Java Runtime Environment to continue.
# Native memory allocation (malloc) failed to allocate 1305936 bytes for Chunk::new
# Possible reasons:
#   The system is out of physical RAM or swap space
#   The process is running with CompressedOops enabled, and the Java Heap may be blocking the growth of the native heap
# Possible solutions:
#   Reduce memory load on the system
#   Increase physical memory or swap space
#   Check if swap backing store is full
#   Decrease Java heap size (-Xmx/-Xms)
#   Decrease number of Java threads
#   Decrease Java thread stack sizes (-Xss)
#   Set larger code cache with -XX:ReservedCodeCacheSize=
#   JVM is running with Unscaled Compressed Oops mode in which the Java heap is
#     placed in the first 4GB address space. The Java Heap base address is the
#     maximum limit for the native heap growth. Please use -XX:HeapBaseMinAddress
#     to set the Java Heap base and to place the Java Heap above 4GB virtual address.
# This output file may be truncated or incomplete.
#
#  Out of Memory Error (arena.cpp:168), pid=1612, tid=2208
#
# JRE version: Java(TM) SE Runtime Environment (21.0.1+12) (build 21.0.1+12-LTS-29)
# Java VM: Java HotSpot(TM) 64-Bit Server VM (21.0.1+12-LTS-29, mixed mode, sharing, tiered, compressed oops, compressed class ptrs, g1 gc, windows-amd64)
# No core dump will be written. Minidumps are not enabled by default on client versions of Windows
#

---------------  S U M M A R Y ------------

Command Line: -agentlib:jdwp=transport=dt_socket,address=127.0.0.1:61417,suspend=y,server=n -Dfile.encoding=UTF-8 -Dsun.stdout.encoding=UTF-8 -Dsun.stderr.encoding=UTF-8 com.OtpSending.OtpSendingApplication

Host: Intel(R) Core(TM) i5-4310M CPU @ 2.70GHz, 4 cores, 7G,  Windows 10 , 64 bit Build 19041 (10.0.19041.3636)
Time: Sun Apr  7 15:56:11 2024 India Standard Time elapsed time: 370.865911 seconds (0d 0h 6m 10s)

---------------  T H R E A D  ---------------

Current thread (0x00000144612e7ed0):  JavaThread "C2 CompilerThread0" daemon [_thread_in_native, id=2208, stack(0x0000003d9a600000,0x0000003d9a700000) (1024K)]


Current CompileTask:
C2: 370865 5793       4       java.lang.invoke.MethodType::makeImpl (109 bytes)

Stack: [0x0000003d9a600000,0x0000003d9a700000]
Native frames: (J=compiled Java code, j=interpreted, Vv=VM code, C=native code)
V  [jvm.dll+0x6c9029]
V  [jvm.dll+0x854b81]
V  [jvm.dll+0x856e5e]
V  [jvm.dll+0x857543]
V  [jvm.dll+0x280c06]
V  [jvm.dll+0xc3ead]
V  [jvm.dll+0xc43c3]
V  [jvm.dll+0x3b576c]
V  [jvm.dll+0x1e20b9]
V  [jvm.dll+0x249c22]
V  [jvm.dll+0x2490b1]
V  [jvm.dll+0x1c9ca1]
V  [jvm.dll+0x2586b9]
V  [jvm.dll+0x256c9a]
V  [jvm.dll+0x3ef1b6]
V  [jvm.dll+0x7fd728]
V  [jvm.dll+0x6c777d]
C  [ucrtbase.dll+0x21bb2]
C  [KERNEL32.DLL+0x17344]
C  [ntdll.dll+0x526b1]


---------------  P R O C E S S  ---------------

Threads class SMR info:
_java_thread_list=0x00000144686d71f0, length=34, elements={
0x00000144612d6bc0, 0x00000144612d8ca0, 0x00000144612df650, 0x00000144612e2270,
0x00000144612e2e80, 0x00000144612e3a90, 0x00000144612e7ed0, 0x00000144612eab30,
0x000001446153f4e0, 0x000001446154a6a0, 0x000001446154ed40, 0x000001446155b680,
0x0000014461569810, 0x0000014469763010, 0x0000014467274630, 0x0000014467274ca0,
0x0000014467b3fdf0, 0x0000014466121410, 0x0000014468ce4af0, 0x0000014468ce30b0,
0x0000014468ce3dd0, 0x000001446b6eb390, 0x000001446b6ec0b0, 0x000001446b6e64d0,
0x000001446b6e71f0, 0x000001446b6e8c30, 0x000001446b6e5120, 0x000001446b6ec740,
0x000001446b6eba20, 0x000001446b6e57b0, 0x000001446b6e6b60, 0x000001446b6e7880,
0x000001446b6e85a0, 0x0000014469641e70
}

Java Threads: ( => current thread )
  0x00000144612d6bc0 JavaThread "Reference Handler"          daemon [_thread_blocked, id=16444, stack(0x0000003d9a000000,0x0000003d9a100000) (1024K)]
  0x00000144612d8ca0 JavaThread "Finalizer"                  daemon [_thread_blocked, id=17488, stack(0x0000003d9a100000,0x0000003d9a200000) (1024K)]
  0x00000144612df650 JavaThread "Signal Dispatcher"          daemon [_thread_blocked, id=14400, stack(0x0000003d9a200000,0x0000003d9a300000) (1024K)]
  0x00000144612e2270 JavaThread "Attach Listener"            daemon [_thread_blocked, id=6200, stack(0x0000003d9a300000,0x0000003d9a400000) (1024K)]
  0x00000144612e2e80 JavaThread "Service Thread"             daemon [_thread_blocked, id=19188, stack(0x0000003d9a400000,0x0000003d9a500000) (1024K)]
  0x00000144612e3a90 JavaThread "Monitor Deflation Thread"   daemon [_thread_blocked, id=9748, stack(0x0000003d9a500000,0x0000003d9a600000) (1024K)]
=>0x00000144612e7ed0 JavaThread "C2 CompilerThread0"         daemon [_thread_in_native, id=2208, stack(0x0000003d9a600000,0x0000003d9a700000) (1024K)]
  0x00000144612eab30 JavaThread "C1 CompilerThread0"         daemon [_thread_blocked, id=11088, stack(0x0000003d9a700000,0x0000003d9a800000) (1024K)]
  0x000001446153f4e0 JavaThread "JDWP Transport Listener: dt_socket" daemon [_thread_blocked, id=10908, stack(0x0000003d9a800000,0x0000003d9a900000) (1024K)]
  0x000001446154a6a0 JavaThread "JDWP Event Helper Thread"   daemon [_thread_blocked, id=15116, stack(0x0000003d9a900000,0x0000003d9aa00000) (1024K)]
  0x000001446154ed40 JavaThread "JDWP Command Reader"        daemon [_thread_in_native, id=7388, stack(0x0000003d9aa00000,0x0000003d9ab00000) (1024K)]
  0x000001446155b680 JavaThread "Notification Thread"        daemon [_thread_blocked, id=18060, stack(0x0000003d9ab00000,0x0000003d9ac00000) (1024K)]
  0x0000014461569810 JavaThread "Common-Cleaner"             daemon [_thread_blocked, id=16844, stack(0x0000003d9ac00000,0x0000003d9ad00000) (1024K)]
  0x0000014469763010 JavaThread "Catalina-utility-1"                [_thread_blocked, id=10632, stack(0x0000003d9b300000,0x0000003d9b400000) (1024K)]
  0x0000014467274630 JavaThread "Catalina-utility-2"                [_thread_blocked, id=17312, stack(0x0000003d9b400000,0x0000003d9b500000) (1024K)]
  0x0000014467274ca0 JavaThread "container-0"                       [_thread_blocked, id=5668, stack(0x0000003d9b500000,0x0000003d9b600000) (1024K)]
  0x0000014467b3fdf0 JavaThread "mysql-cj-abandoned-connection-cleanup" daemon [_thread_blocked, id=9688, stack(0x0000003d9b600000,0x0000003d9b700000) (1024K)]
  0x0000014466121410 JavaThread "HikariPool-1 housekeeper"   daemon [_thread_blocked, id=15060, stack(0x0000003d9b800000,0x0000003d9b900000) (1024K)]
  0x0000014468ce4af0 JavaThread "File Watcher"               daemon [_thread_in_native, id=6468, stack(0x0000003d9ba00000,0x0000003d9bb00000) (1024K)]
  0x0000014468ce30b0 JavaThread "Live Reload Server"         daemon [_thread_in_native, id=4012, stack(0x0000003d9bc00000,0x0000003d9bd00000) (1024K)]
  0x0000014468ce3dd0 JavaThread "http-nio-8080-exec-1"       daemon [_thread_blocked, id=10036, stack(0x0000003d9bb00000,0x0000003d9bc00000) (1024K)]
  0x000001446b6eb390 JavaThread "http-nio-8080-exec-2"       daemon [_thread_in_native, id=15456, stack(0x0000003d9bd00000,0x0000003d9be00000) (1024K)]
  0x000001446b6ec0b0 JavaThread "http-nio-8080-exec-3"       daemon [_thread_blocked, id=4456, stack(0x0000003d9be00000,0x0000003d9bf00000) (1024K)]
  0x000001446b6e64d0 JavaThread "http-nio-8080-exec-4"       daemon [_thread_blocked, id=11568, stack(0x0000003d9bf00000,0x0000003d9c000000) (1024K)]
  0x000001446b6e71f0 JavaThread "http-nio-8080-exec-5"       daemon [_thread_blocked, id=16688, stack(0x0000003d9c000000,0x0000003d9c100000) (1024K)]
  0x000001446b6e8c30 JavaThread "http-nio-8080-exec-6"       daemon [_thread_blocked, id=18256, stack(0x0000003d9c100000,0x0000003d9c200000) (1024K)]
  0x000001446b6e5120 JavaThread "http-nio-8080-exec-7"       daemon [_thread_blocked, id=18300, stack(0x0000003d9c200000,0x0000003d9c300000) (1024K)]
  0x000001446b6ec740 JavaThread "http-nio-8080-exec-8"       daemon [_thread_blocked, id=7096, stack(0x0000003d9c300000,0x0000003d9c400000) (1024K)]
  0x000001446b6eba20 JavaThread "http-nio-8080-exec-9"       daemon [_thread_blocked, id=728, stack(0x0000003d9c400000,0x0000003d9c500000) (1024K)]
  0x000001446b6e57b0 JavaThread "http-nio-8080-exec-10"      daemon [_thread_blocked, id=10988, stack(0x0000003d9c500000,0x0000003d9c600000) (1024K)]
  0x000001446b6e6b60 JavaThread "http-nio-8080-Poller"       daemon [_thread_in_native, id=19040, stack(0x0000003d9c600000,0x0000003d9c700000) (1024K)]
  0x000001446b6e7880 JavaThread "http-nio-8080-Acceptor"     daemon [_thread_in_native, id=1512, stack(0x0000003d9c700000,0x0000003d9c800000) (1024K)]
  0x000001446b6e85a0 JavaThread "DestroyJavaVM"                     [_thread_blocked, id=9876, stack(0x0000003d99800000,0x0000003d99900000) (1024K)]
  0x0000014469641e70 JavaThread "C2 CompilerThread1"         daemon [_thread_in_native, id=13884, stack(0x0000003d99500000,0x0000003d99600000) (1024K)]
Total: 34

Other Threads:
  0x00000144612b1770 VMThread "VM Thread"                           [id=19316, stack(0x0000003d99f00000,0x0000003d9a000000) (1024K)]
  0x000001446129abd0 WatcherThread "VM Periodic Task Thread"        [id=2292, stack(0x0000003d99e00000,0x0000003d99f00000) (1024K)]
  0x000001444524a370 WorkerThread "GC Thread#0"                     [id=9824, stack(0x0000003d99900000,0x0000003d99a00000) (1024K)]
  0x00000144666a5be0 WorkerThread "GC Thread#1"                     [id=4168, stack(0x0000003d9ae00000,0x0000003d9af00000) (1024K)]
  0x00000144666a5f80 WorkerThread "GC Thread#2"                     [id=15092, stack(0x0000003d9af00000,0x0000003d9b000000) (1024K)]
  0x00000144663f0df0 WorkerThread "GC Thread#3"                     [id=14684, stack(0x0000003d9b000000,0x0000003d9b100000) (1024K)]
  0x000001444525bfb0 ConcurrentGCThread "G1 Main Marker"            [id=9108, stack(0x0000003d99a00000,0x0000003d99b00000) (1024K)]
  0x000001444525cb70 WorkerThread "G1 Conc#0"                       [id=9576, stack(0x0000003d99b00000,0x0000003d99c00000) (1024K)]
  0x00000144611620c0 ConcurrentGCThread "G1 Refine#0"               [id=6612, stack(0x0000003d99c00000,0x0000003d99d00000) (1024K)]
  0x00000144452ba2f0 ConcurrentGCThread "G1 Service"                [id=11160, stack(0x0000003d99d00000,0x0000003d99e00000) (1024K)]
Total: 10

Threads with active compile tasks:
C2 CompilerThread0   370914 5793       4       java.lang.invoke.MethodType::makeImpl (109 bytes)
C2 CompilerThread1   370914 5806       4       org.springframework.beans.factory.support.AbstractBeanFactory::isTypeMatch (619 bytes)
Total: 2

VM state: not at safepoint (normal execution)

VM Mutex/Monitor currently owned by a thread: None

Heap address: 0x0000000081600000, size: 2026 MB, Compressed Oops mode: 32-bit

CDS archive(s) mapped at: [0x0000014400000000-0x0000014400c90000-0x0000014400c90000), size 13172736, SharedBaseAddress: 0x0000014400000000, ArchiveRelocationMode: 1.
Compressed class space mapped at: 0x0000014401000000-0x0000014441000000, reserved size: 1073741824
Narrow klass base: 0x0000014400000000, Narrow klass shift: 0, Narrow klass range: 0x100000000

GC Precious Log:
 CardTable entry size: 512
 Card Set container configuration: InlinePtr #cards 5 size 8 Array Of Cards #cards 12 size 40 Howl #buckets 4 coarsen threshold 1843 Howl Bitmap #cards 512 size 80 coarsen threshold 460 Card regions per heap region 1 cards per card region 2048
 CPUs: 4 total, 4 available
 Memory: 8097M
 Large Page Support: Disabled
 NUMA Support: Disabled
 Compressed Oops: Enabled (32-bit)
 Heap Region Size: 1M
 Heap Min Capacity: 8M
 Heap Initial Capacity: 128M
 Heap Max Capacity: 2026M
 Pre-touch: Disabled
 Parallel Workers: 4
 Concurrent Workers: 1
 Concurrent Refinement Workers: 4
 Periodic GC: Disabled

Heap:
 garbage-first heap   total 54272K, used 41724K [0x0000000081600000, 0x0000000100000000)
  region size 1024K, 19 young (19456K), 2 survivors (2048K)
 Metaspace       used 64917K, committed 65600K, reserved 1114112K
  class space    used 8607K, committed 8896K, reserved 1048576K

Heap Regions: E=young(eden), S=young(survivor), O=old, HS=humongous(starts), HC=humongous(continues), CS=collection set, F=free, TAMS=top-at-mark-start, PB=parsable bottom
|   0|0x0000000081600000, 0x0000000081700000, 0x0000000081700000|100%|HS|  |TAMS 0x0000000081600000| PB 0x0000000081600000| Complete 
|   1|0x0000000081700000, 0x0000000081800000, 0x0000000081800000|100%| O|  |TAMS 0x0000000081700000| PB 0x0000000081700000| Untracked 
|   2|0x0000000081800000, 0x0000000081900000, 0x0000000081900000|100%| O|  |TAMS 0x0000000081800000| PB 0x0000000081800000| Untracked 
|   3|0x0000000081900000, 0x0000000081a00000, 0x0000000081a00000|100%| O|  |TAMS 0x0000000081900000| PB 0x0000000081900000| Untracked 
|   4|0x0000000081a00000, 0x0000000081b00000, 0x0000000081b00000|100%| O|  |TAMS 0x0000000081a00000| PB 0x0000000081a00000| Untracked 
|   5|0x0000000081b00000, 0x0000000081c00000, 0x0000000081c00000|100%| O|  |TAMS 0x0000000081b00000| PB 0x0000000081b00000| Untracked 
|   6|0x0000000081c00000, 0x0000000081d00000, 0x0000000081d00000|100%| O|  |TAMS 0x0000000081c00000| PB 0x0000000081c00000| Untracked 
|   7|0x0000000081d00000, 0x0000000081e00000, 0x0000000081e00000|100%| O|  |TAMS 0x0000000081d00000| PB 0x0000000081d00000| Untracked 
|   8|0x0000000081e00000, 0x0000000081f00000, 0x0000000081f00000|100%| O|  |TAMS 0x0000000081e00000| PB 0x0000000081e00000| Untracked 
|   9|0x0000000081f00000, 0x0000000082000000, 0x0000000082000000|100%| O|  |TAMS 0x0000000081f00000| PB 0x0000000081f00000| Untracked 
|  10|0x0000000082000000, 0x0000000082100000, 0x0000000082100000|100%| O|  |TAMS 0x0000000082000000| PB 0x0000000082000000| Untracked 
|  11|0x0000000082100000, 0x0000000082200000, 0x0000000082200000|100%| O|  |TAMS 0x0000000082100000| PB 0x0000000082100000| Untracked 
|  12|0x0000000082200000, 0x0000000082300000, 0x0000000082300000|100%| O|  |TAMS 0x0000000082200000| PB 0x0000000082200000| Untracked 
|  13|0x0000000082300000, 0x0000000082400000, 0x0000000082400000|100%| O|  |TAMS 0x0000000082300000| PB 0x0000000082300000| Untracked 
|  14|0x0000000082400000, 0x0000000082500000, 0x0000000082500000|100%| O|  |TAMS 0x0000000082400000| PB 0x0000000082400000| Untracked 
|  15|0x0000000082500000, 0x0000000082600000, 0x0000000082600000|100%| O|Cm|TAMS 0x0000000082500000| PB 0x0000000082500000| Complete 
|  16|0x0000000082600000, 0x0000000082700000, 0x0000000082700000|100%| O|  |TAMS 0x0000000082600000| PB 0x0000000082600000| Untracked 
|  17|0x0000000082700000, 0x0000000082800000, 0x0000000082800000|100%| O|  |TAMS 0x0000000082700000| PB 0x0000000082700000| Untracked 
|  18|0x0000000082800000, 0x0000000082800000, 0x0000000082900000|  0%| F|  |TAMS 0x0000000082800000| PB 0x0000000082800000| Untracked 
|  19|0x0000000082900000, 0x0000000082a00000, 0x0000000082a00000|100%| O|  |TAMS 0x0000000082900000| PB 0x0000000082900000| Untracked 
|  20|0x0000000082a00000, 0x0000000082b00000, 0x0000000082b00000|100%| O|  |TAMS 0x0000000082a00000| PB 0x0000000082a00000| Untracked 
|  21|0x0000000082b00000, 0x0000000082b00000, 0x0000000082c00000|  0%| F|  |TAMS 0x0000000082b00000| PB 0x0000000082b00000| Untracked 
|  22|0x0000000082c00000, 0x0000000082d00000, 0x0000000082d00000|100%| O|  |TAMS 0x0000000082c00000| PB 0x0000000082c00000| Untracked 
|  23|0x0000000082d00000, 0x0000000082e00000, 0x0000000082e00000|100%| O|  |TAMS 0x0000000082d00000| PB 0x0000000082d00000| Untracked 
|  24|0x0000000082e00000, 0x0000000082f00000, 0x0000000082f00000|100%| O|  |TAMS 0x0000000082e00000| PB 0x0000000082e00000| Untracked 
|  25|0x0000000082f00000, 0x0000000083000000, 0x0000000083000000|100%| S|CS|TAMS 0x0000000082f00000| PB 0x0000000082f00000| Complete 
|  26|0x0000000083000000, 0x0000000083100000, 0x0000000083100000|100%| S|CS|TAMS 0x0000000083000000| PB 0x0000000083000000| Complete 
|  27|0x0000000083100000, 0x00000000831bf198, 0x0000000083200000| 74%| O|  |TAMS 0x0000000083100000| PB 0x0000000083100000| Untracked 
|  28|0x0000000083200000, 0x0000000083200000, 0x0000000083300000|  0%| F|  |TAMS 0x0000000083200000| PB 0x0000000083200000| Untracked 
|  29|0x0000000083300000, 0x0000000083300000, 0x0000000083400000|  0%| F|  |TAMS 0x0000000083300000| PB 0x0000000083300000| Untracked 
|  30|0x0000000083400000, 0x0000000083400000, 0x0000000083500000|  0%| F|  |TAMS 0x0000000083400000| PB 0x0000000083400000| Untracked 
|  31|0x0000000083500000, 0x0000000083500000, 0x0000000083600000|  0%| F|  |TAMS 0x0000000083500000| PB 0x0000000083500000| Untracked 
|  32|0x0000000083600000, 0x0000000083600000, 0x0000000083700000|  0%| F|  |TAMS 0x0000000083600000| PB 0x0000000083600000| Untracked 
|  33|0x0000000083700000, 0x0000000083700000, 0x0000000083800000|  0%| F|  |TAMS 0x0000000083700000| PB 0x0000000083700000| Untracked 
|  34|0x0000000083800000, 0x0000000083800000, 0x0000000083900000|  0%| F|  |TAMS 0x0000000083800000| PB 0x0000000083800000| Untracked 
|  35|0x0000000083900000, 0x0000000083900000, 0x0000000083a00000|  0%| F|  |TAMS 0x0000000083900000| PB 0x0000000083900000| Untracked 
|  36|0x0000000083a00000, 0x0000000083a5f728, 0x0000000083b00000| 37%| E|  |TAMS 0x0000000083a00000| PB 0x0000000083a00000| Complete 
|  37|0x0000000083b00000, 0x0000000083c00000, 0x0000000083c00000|100%| E|CS|TAMS 0x0000000083b00000| PB 0x0000000083b00000| Complete 
|  38|0x0000000083c00000, 0x0000000083d00000, 0x0000000083d00000|100%| E|  |TAMS 0x0000000083c00000| PB 0x0000000083c00000| Complete 
|  39|0x0000000083d00000, 0x0000000083e00000, 0x0000000083e00000|100%| E|CS|TAMS 0x0000000083d00000| PB 0x0000000083d00000| Complete 
|  40|0x0000000083e00000, 0x0000000083f00000, 0x0000000083f00000|100%| E|CS|TAMS 0x0000000083e00000| PB 0x0000000083e00000| Complete 
|  41|0x0000000083f00000, 0x0000000084000000, 0x0000000084000000|100%| E|CS|TAMS 0x0000000083f00000| PB 0x0000000083f00000| Complete 
|  42|0x0000000084000000, 0x0000000084100000, 0x0000000084100000|100%| E|CS|TAMS 0x0000000084000000| PB 0x0000000084000000| Complete 
|  43|0x0000000084100000, 0x0000000084200000, 0x0000000084200000|100%| E|CS|TAMS 0x0000000084100000| PB 0x0000000084100000| Complete 
|  44|0x0000000084200000, 0x0000000084300000, 0x0000000084300000|100%| E|CS|TAMS 0x0000000084200000| PB 0x0000000084200000| Complete 
|  45|0x0000000084300000, 0x0000000084400000, 0x0000000084400000|100%| E|CS|TAMS 0x0000000084300000| PB 0x0000000084300000| Complete 
|  83|0x0000000086900000, 0x0000000086a00000, 0x0000000086a00000|100%| E|CS|TAMS 0x0000000086900000| PB 0x0000000086900000| Complete 
|  84|0x0000000086a00000, 0x0000000086b00000, 0x0000000086b00000|100%| E|CS|TAMS 0x0000000086a00000| PB 0x0000000086a00000| Complete 
|  85|0x0000000086b00000, 0x0000000086c00000, 0x0000000086c00000|100%| E|CS|TAMS 0x0000000086b00000| PB 0x0000000086b00000| Complete 
|  86|0x0000000086c00000, 0x0000000086d00000, 0x0000000086d00000|100%| E|CS|TAMS 0x0000000086c00000| PB 0x0000000086c00000| Complete 
|  91|0x0000000087100000, 0x0000000087200000, 0x0000000087200000|100%| E|CS|TAMS 0x0000000087100000| PB 0x0000000087100000| Complete 
|  92|0x0000000087200000, 0x0000000087300000, 0x0000000087300000|100%| E|CS|TAMS 0x0000000087200000| PB 0x0000000087200000| Complete 
|  93|0x0000000087300000, 0x0000000087400000, 0x0000000087400000|100%| E|CS|TAMS 0x0000000087300000| PB 0x0000000087300000| Complete 

Card table byte_map: [0x000001445ca50000,0x000001445ce50000] _byte_map_base: 0x000001445c645000

Marking Bits: (CMBitMap*) 0x000001444524b990
 Bits: [0x000001445ce50000, 0x000001445edf8000)

Polling page: 0x0000014443010000

Metaspace:

Usage:
  Non-class:     55.04 MB used.
      Class:      8.41 MB used.
       Both:     63.45 MB used.

Virtual space:
  Non-class space:       64.00 MB reserved,      55.44 MB ( 87%) committed,  1 nodes.
      Class space:        1.00 GB reserved,       8.75 MB ( <1%) committed,  1 nodes.
             Both:        1.06 GB reserved,      64.19 MB (  6%) committed. 

Chunk freelists:
   Non-Class:  8.36 MB
       Class:  7.11 MB
        Both:  15.47 MB

MaxMetaspaceSize: unlimited
CompressedClassSpaceSize: 1.00 GB
Initial GC threshold: 21.00 MB
Current GC threshold: 102.12 MB
CDS: on
 - commit_granule_bytes: 65536.
 - commit_granule_words: 8192.
 - virtual_space_node_default_size: 8388608.
 - enlarge_chunks_in_place: 1.
 - use_allocation_guard: 0.


Internal statistics:

num_allocs_failed_limit: 9.
num_arena_births: 872.
num_arena_deaths: 0.
num_vsnodes_births: 2.
num_vsnodes_deaths: 0.
num_space_committed: 1027.
num_space_uncommitted: 0.
num_chunks_returned_to_freelist: 9.
num_chunks_taken_from_freelist: 3123.
num_chunk_merges: 3.
num_chunk_splits: 2224.
num_chunks_enlarged: 1722.
num_inconsistent_stats: 0.

CodeHeap 'non-profiled nmethods': size=120000Kb used=3106Kb max_used=3106Kb free=116893Kb
 bounds [0x0000014455120000, 0x0000014455430000, 0x000001445c650000]
CodeHeap 'profiled nmethods': size=120000Kb used=9891Kb max_used=9891Kb free=110108Kb
 bounds [0x000001444d650000, 0x000001444e000000, 0x0000014454b80000]
CodeHeap 'non-nmethods': size=5760Kb used=1759Kb max_used=1796Kb free=4000Kb
 bounds [0x0000014454b80000, 0x0000014454df0000, 0x0000014455120000]
 total_blobs=5699 nmethods=4976 adapters=627
 compilation: enabled
              stopped_count=0, restarted_count=0
 full_count=0

Compilation events (20 events):
Event: 370.805 Thread 0x00000144612eab30 5817       3       org.springframework.core.annotation.AttributeMethods::get (22 bytes)
Event: 370.805 Thread 0x00000144612eab30 nmethod 5817 0x000001444dff4f90 code [0x000001444dff5140, 0x000001444dff5340]
Event: 370.807 Thread 0x00000144612eab30 5818       3       java.lang.invoke.MethodTypeForm::findForm (24 bytes)
Event: 370.807 Thread 0x00000144612eab30 nmethod 5818 0x000001444dff5490 code [0x000001444dff5660, 0x000001444dff58c8]
Event: 370.810 Thread 0x00000144612eab30 5819       3       java.util.HashSet::clear (8 bytes)
Event: 370.810 Thread 0x00000144612eab30 nmethod 5819 0x000001444dff5a10 code [0x000001444dff5bc0, 0x000001444dff5da0]
Event: 370.810 Thread 0x00000144612eab30 5820       3       org.springframework.core.annotation.AnnotationTypeMapping$MirrorSets::updateFrom (148 bytes)
Event: 370.812 Thread 0x00000144612eab30 nmethod 5820 0x000001444dff5e90 code [0x000001444dff6220, 0x000001444dff7c28]
Event: 370.818 Thread 0x00000144612eab30 5821       3       java.util.Collections$SingletonList::get (41 bytes)
Event: 370.818 Thread 0x00000144612eab30 nmethod 5821 0x000001444dff8590 code [0x000001444dff87e0, 0x000001444dff8eb0]
Event: 370.821 Thread 0x0000014469641e70 nmethod 5804% 0x0000014455422810 code [0x0000014455422b00, 0x0000014455424520]
Event: 370.822 Thread 0x0000014469641e70 5808   !   4       java.util.concurrent.ConcurrentHashMap::putVal (432 bytes)
Event: 370.826 Thread 0x00000144612eab30 5822       3       java.util.regex.Pattern::newCharProperty (39 bytes)
Event: 370.827 Thread 0x00000144612eab30 nmethod 5822 0x000001444dff9190 code [0x000001444dff93a0, 0x000001444dff9c98]
Event: 370.829 Thread 0x00000144612eab30 5823       1       org.apache.tomcat.util.http.MimeHeaderField::getName (5 bytes)
Event: 370.829 Thread 0x00000144612eab30 nmethod 5823 0x0000014455425810 code [0x00000144554259a0, 0x0000014455425a68]
Event: 370.829 Thread 0x00000144612eab30 5824       3       java.util.HashMap::putIfAbsent (13 bytes)
Event: 370.829 Thread 0x00000144612eab30 nmethod 5824 0x000001444dff9e90 code [0x000001444dffa060, 0x000001444dffa370]
Event: 370.861 Thread 0x0000014469641e70 nmethod 5808 0x0000014455425b10 code [0x0000014455425dc0, 0x00000144554279b8]
Event: 370.861 Thread 0x0000014469641e70 5806       4       org.springframework.beans.factory.support.AbstractBeanFactory::isTypeMatch (619 bytes)

GC Heap History (20 events):
Event: 4.693 GC heap before
{Heap before GC invocations=5 (full 0):
 garbage-first heap   total 45056K, used 32081K [0x0000000081600000, 0x0000000100000000)
  region size 1024K, 26 young (26624K), 7 survivors (7168K)
 Metaspace       used 25501K, committed 25920K, reserved 1114112K
  class space    used 3203K, committed 3392K, reserved 1048576K
}
Event: 4.720 GC heap after
{Heap after GC invocations=6 (full 0):
 garbage-first heap   total 45056K, used 15341K [0x0000000081600000, 0x0000000100000000)
  region size 1024K, 3 young (3072K), 3 survivors (3072K)
 Metaspace       used 25501K, committed 25920K, reserved 1114112K
  class space    used 3203K, committed 3392K, reserved 1048576K
}
Event: 5.460 GC heap before
{Heap before GC invocations=6 (full 0):
 garbage-first heap   total 45056K, used 32749K [0x0000000081600000, 0x0000000100000000)
  region size 1024K, 21 young (21504K), 3 survivors (3072K)
 Metaspace       used 28735K, committed 29248K, reserved 1114112K
  class space    used 3570K, committed 3776K, reserved 1048576K
}
Event: 5.467 GC heap after
{Heap after GC invocations=7 (full 0):
 garbage-first heap   total 45056K, used 17563K [0x0000000081600000, 0x0000000100000000)
  region size 1024K, 3 young (3072K), 3 survivors (3072K)
 Metaspace       used 28735K, committed 29248K, reserved 1114112K
  class space    used 3570K, committed 3776K, reserved 1048576K
}
Event: 6.078 GC heap before
{Heap before GC invocations=7 (full 0):
 garbage-first heap   total 45056K, used 34971K [0x0000000081600000, 0x0000000100000000)
  region size 1024K, 21 young (21504K), 3 survivors (3072K)
 Metaspace       used 33988K, committed 34624K, reserved 1114112K
  class space    used 4326K, committed 4608K, reserved 1048576K
}
Event: 6.083 GC heap after
{Heap after GC invocations=8 (full 0):
 garbage-first heap   total 45056K, used 18428K [0x0000000081600000, 0x0000000100000000)
  region size 1024K, 2 young (2048K), 2 survivors (2048K)
 Metaspace       used 33988K, committed 34624K, reserved 1114112K
  class space    used 4326K, committed 4608K, reserved 1048576K
}
Event: 6.225 GC heap before
{Heap before GC invocations=8 (full 0):
 garbage-first heap   total 45056K, used 22524K [0x0000000081600000, 0x0000000100000000)
  region size 1024K, 7 young (7168K), 2 survivors (2048K)
 Metaspace       used 35451K, committed 35968K, reserved 1114112K
  class space    used 4556K, committed 4800K, reserved 1048576K
}
Event: 6.228 GC heap after
{Heap after GC invocations=9 (full 0):
 garbage-first heap   total 45056K, used 18712K [0x0000000081600000, 0x0000000100000000)
  region size 1024K, 2 young (2048K), 2 survivors (2048K)
 Metaspace       used 35451K, committed 35968K, reserved 1114112K
  class space    used 4556K, committed 4800K, reserved 1048576K
}
Event: 7.127 GC heap before
{Heap before GC invocations=10 (full 0):
 garbage-first heap   total 45056K, used 37144K [0x0000000081600000, 0x0000000100000000)
  region size 1024K, 21 young (21504K), 2 survivors (2048K)
 Metaspace       used 44667K, committed 45184K, reserved 1114112K
  class space    used 5663K, committed 5888K, reserved 1048576K
}
Event: 7.132 GC heap after
{Heap after GC invocations=11 (full 0):
 garbage-first heap   total 45056K, used 20851K [0x0000000081600000, 0x0000000100000000)
  region size 1024K, 3 young (3072K), 3 survivors (3072K)
 Metaspace       used 44667K, committed 45184K, reserved 1114112K
  class space    used 5663K, committed 5888K, reserved 1048576K
}
Event: 7.585 GC heap before
{Heap before GC invocations=11 (full 0):
 garbage-first heap   total 45056K, used 37235K [0x0000000081600000, 0x0000000100000000)
  region size 1024K, 20 young (20480K), 3 survivors (3072K)
 Metaspace       used 49818K, committed 50368K, reserved 1114112K
  class space    used 6415K, committed 6656K, reserved 1048576K
}
Event: 7.591 GC heap after
{Heap after GC invocations=12 (full 0):
 garbage-first heap   total 45056K, used 22136K [0x0000000081600000, 0x0000000100000000)
  region size 1024K, 2 young (2048K), 2 survivors (2048K)
 Metaspace       used 49818K, committed 50368K, reserved 1114112K
  class space    used 6415K, committed 6656K, reserved 1048576K
}
Event: 8.072 GC heap before
{Heap before GC invocations=12 (full 0):
 garbage-first heap   total 45056K, used 37496K [0x0000000081600000, 0x0000000100000000)
  region size 1024K, 18 young (18432K), 2 survivors (2048K)
 Metaspace       used 54906K, committed 55488K, reserved 1114112K
  class space    used 7217K, committed 7424K, reserved 1048576K
}
Event: 8.076 GC heap after
{Heap after GC invocations=13 (full 0):
 garbage-first heap   total 45056K, used 22789K [0x0000000081600000, 0x0000000100000000)
  region size 1024K, 2 young (2048K), 2 survivors (2048K)
 Metaspace       used 54906K, committed 55488K, reserved 1114112K
  class space    used 7217K, committed 7424K, reserved 1048576K
}
Event: 8.632 GC heap before
{Heap before GC invocations=14 (full 0):
 garbage-first heap   total 45056K, used 39173K [0x0000000081600000, 0x0000000100000000)
  region size 1024K, 18 young (18432K), 2 survivors (2048K)
 Metaspace       used 58400K, committed 59072K, reserved 1114112K
  class space    used 7707K, committed 8000K, reserved 1048576K
}
Event: 8.638 GC heap after
{Heap after GC invocations=15 (full 0):
 garbage-first heap   total 45056K, used 24405K [0x0000000081600000, 0x0000000100000000)
  region size 1024K, 3 young (3072K), 3 survivors (3072K)
 Metaspace       used 58400K, committed 59072K, reserved 1114112K
  class space    used 7707K, committed 8000K, reserved 1048576K
}
Event: 8.985 GC heap before
{Heap before GC invocations=15 (full 0):
 garbage-first heap   total 45056K, used 37717K [0x0000000081600000, 0x0000000100000000)
  region size 1024K, 16 young (16384K), 3 survivors (3072K)
 Metaspace       used 60120K, committed 60800K, reserved 1114112K
  class space    used 7965K, committed 8256K, reserved 1048576K
}
Event: 8.992 GC heap after
{Heap after GC invocations=16 (full 0):
 garbage-first heap   total 45056K, used 24787K [0x0000000081600000, 0x0000000100000000)
  region size 1024K, 1 young (1024K), 1 survivors (1024K)
 Metaspace       used 60120K, committed 60800K, reserved 1114112K
  class space    used 7965K, committed 8256K, reserved 1048576K
}
Event: 9.433 GC heap before
{Heap before GC invocations=16 (full 0):
 garbage-first heap   total 45056K, used 40147K [0x0000000081600000, 0x0000000100000000)
  region size 1024K, 16 young (16384K), 1 survivors (1024K)
 Metaspace       used 62151K, committed 62720K, reserved 1114112K
  class space    used 8238K, committed 8512K, reserved 1048576K
}
Event: 9.439 GC heap after
{Heap after GC invocations=17 (full 0):
 garbage-first heap   total 54272K, used 26364K [0x0000000081600000, 0x0000000100000000)
  region size 1024K, 2 young (2048K), 2 survivors (2048K)
 Metaspace       used 62151K, committed 62720K, reserved 1114112K
  class space    used 8238K, committed 8512K, reserved 1048576K
}

Dll operation events (11 events):
Event: 0.012 Loaded shared library C:\Program Files\Java\jdk-21\bin\java.dll
Event: 0.057 Loaded shared library C:\Program Files\Java\jdk-21\bin\jsvml.dll
Event: 0.194 Loaded shared library C:\Program Files\Java\jdk-21\bin\net.dll
Event: 0.197 Loaded shared library C:\Program Files\Java\jdk-21\bin\nio.dll
Event: 0.205 Loaded shared library C:\Program Files\Java\jdk-21\bin\zip.dll
Event: 0.487 Loaded shared library C:\Program Files\Java\jdk-21\bin\jimage.dll
Event: 0.982 Loaded shared library C:\Program Files\Java\jdk-21\bin\management.dll
Event: 0.986 Loaded shared library C:\Program Files\Java\jdk-21\bin\management_ext.dll
Event: 5.034 Loaded shared library C:\Program Files\Java\jdk-21\bin\sunmscapi.dll
Event: 5.961 Loaded shared library C:\Program Files\Java\jdk-21\bin\verify.dll
Event: 6.318 Loaded shared library C:\Program Files\Java\jdk-21\bin\extnet.dll

Deoptimization events (20 events):
Event: 370.764 Thread 0x000001446b6eb390 DEOPT PACKING pc=0x00000144552d02d0 sp=0x0000003d9bdfd080
Event: 370.764 Thread 0x000001446b6eb390 DEOPT UNPACKING pc=0x0000014454bd4e42 sp=0x0000003d9bdfc478 mode 1
Event: 370.764 Thread 0x000001446b6eb390 DEOPT PACKING pc=0x000001444dacf63c sp=0x0000003d9bdfd0c0
Event: 370.764 Thread 0x000001446b6eb390 DEOPT UNPACKING pc=0x0000014454bd4e42 sp=0x0000003d9bdfc738 mode 1
Event: 370.764 Thread 0x000001446b6eb390 DEOPT PACKING pc=0x0000014455333874 sp=0x0000003d9bdfc7f0
Event: 370.764 Thread 0x000001446b6eb390 DEOPT UNPACKING pc=0x0000014454bd4e42 sp=0x0000003d9bdfbc78 mode 1
Event: 370.764 Thread 0x000001446b6eb390 DEOPT PACKING pc=0x00000144552d02d0 sp=0x0000003d9bdfd220
Event: 370.764 Thread 0x000001446b6eb390 DEOPT UNPACKING pc=0x0000014454bd4e42 sp=0x0000003d9bdfc630 mode 1
Event: 370.800 Thread 0x000001446b6eb390 DEOPT PACKING pc=0x0000014455333874 sp=0x0000003d9bdfc320
Event: 370.800 Thread 0x000001446b6eb390 DEOPT UNPACKING pc=0x0000014454bd4e42 sp=0x0000003d9bdfb7b8 mode 1
Event: 370.801 Thread 0x000001446b6eb390 DEOPT PACKING pc=0x0000014455333874 sp=0x0000003d9bdfc3e0
Event: 370.801 Thread 0x000001446b6eb390 DEOPT UNPACKING pc=0x0000014454bd4e42 sp=0x0000003d9bdfb878 mode 1
Event: 370.801 Thread 0x000001446b6eb390 DEOPT PACKING pc=0x0000014455333874 sp=0x0000003d9bdfc4b0
Event: 370.802 Thread 0x000001446b6eb390 DEOPT UNPACKING pc=0x0000014454bd4e42 sp=0x0000003d9bdfb948 mode 1
Event: 370.817 Thread 0x000001446b6eb390 DEOPT PACKING pc=0x000001444dc01cc1 sp=0x0000003d9bdfbe40
Event: 370.817 Thread 0x000001446b6eb390 DEOPT UNPACKING pc=0x0000014454bd4e42 sp=0x0000003d9bdfb318 mode 1
Event: 370.817 Thread 0x000001446b6eb390 DEOPT PACKING pc=0x000001444dc03424 sp=0x0000003d9bdfbed0
Event: 370.817 Thread 0x000001446b6eb390 DEOPT UNPACKING pc=0x0000014454bd4e42 sp=0x0000003d9bdfb480 mode 1
Event: 370.817 Thread 0x000001446b6eb390 DEOPT PACKING pc=0x000001444dbffd84 sp=0x0000003d9bdfc040
Event: 370.817 Thread 0x000001446b6eb390 DEOPT UNPACKING pc=0x0000014454bd4e42 sp=0x0000003d9bdfb5e0 mode 1

Classes loaded (20 events):
Event: 370.717 Loading class sun/nio/cs/ThreadLocalCoders$1
Event: 370.717 Loading class sun/nio/cs/ThreadLocalCoders$Cache
Event: 370.717 Loading class sun/nio/cs/ThreadLocalCoders$Cache done
Event: 370.717 Loading class sun/nio/cs/ThreadLocalCoders$1 done
Event: 370.717 Loading class sun/nio/cs/ThreadLocalCoders$2
Event: 370.717 Loading class sun/nio/cs/ThreadLocalCoders$2 done
Event: 370.827 Loading class java/time/format/DateTimeFormatterBuilder$ZoneTextPrinterParser
Event: 370.827 Loading class java/time/format/DateTimeFormatterBuilder$ZoneTextPrinterParser done
Event: 370.827 Loading class java/time/format/DateTimeFormatterBuilder$ReducedPrinterParser
Event: 370.828 Loading class java/time/format/DateTimeFormatterBuilder$ReducedPrinterParser done
Event: 370.830 Loading class java/io/PushbackInputStream
Event: 370.830 Loading class java/io/PushbackInputStream done
Event: 370.832 Loading class java/util/OptionalLong
Event: 370.832 Loading class java/util/OptionalLong done
Event: 370.832 Loading class java/util/OptionalDouble
Event: 370.832 Loading class java/util/OptionalDouble done
Event: 370.839 Loading class org/w3c/dom/Node
Event: 370.840 Loading class org/w3c/dom/Node done
Event: 370.840 Loading class org/w3c/dom/Document
Event: 370.840 Loading class org/w3c/dom/Document done

Classes unloaded (0 events):
No events

Classes redefined (0 events):
No events

Internal exceptions (20 events):
Event: 8.133 Thread 0x0000014466861420 Exception <a 'java/lang/NoSuchMethodError'{0x000000008728bf70}: 'void java.lang.invoke.DirectMethodHandle$Holder.invokeInterface(java.lang.Object, java.lang.Object)'> (0x000000008728bf70) 
thrown [s\open\src\hotspot\share\interpreter\linkResolver.cpp, line 773]
Event: 8.221 Thread 0x0000014466861420 Exception <a 'java/lang/NoSuchMethodError'{0x0000000086a082b0}: 'void java.lang.invoke.Invokers$Holder.invokeExact_MT(java.lang.Object, java.lang.Object, java.lang.Object, java.lang.Object)'> (0x0000000086a082b0) 
thrown [s\open\src\hotspot\share\interpreter\linkResolver.cpp, line 773]
Event: 8.343 Thread 0x0000014466861420 Exception <a 'java/lang/IncompatibleClassChangeError'{0x00000000839b9c28}: Found class java.lang.Object, but interface was expected> (0x00000000839b9c28) 
thrown [s\open\src\hotspot\share\interpreter\linkResolver.cpp, line 840]
Event: 8.376 Thread 0x0000014466861420 Exception <a 'java/lang/IncompatibleClassChangeError'{0x00000000838280c8}: Found class java.lang.Object, but interface was expected> (0x00000000838280c8) 
thrown [s\open\src\hotspot\share\interpreter\linkResolver.cpp, line 840]
Event: 8.432 Thread 0x0000014466861420 Exception <a 'java/lang/IncompatibleClassChangeError'{0x0000000083775968}: Found class java.lang.Object, but interface was expected> (0x0000000083775968) 
thrown [s\open\src\hotspot\share\interpreter\linkResolver.cpp, line 840]
Event: 8.632 Thread 0x0000014466861420 Exception <a 'java/lang/IncompatibleClassChangeError'{0x00000000832fccd0}: Found class java.lang.Object, but interface was expected> (0x00000000832fccd0) 
thrown [s\open\src\hotspot\share\interpreter\linkResolver.cpp, line 840]
Event: 8.786 Thread 0x0000014466861420 Exception <a 'java/lang/IncompatibleClassChangeError'{0x00000000869ef7a8}: Found class java.lang.Object, but interface was expected> (0x00000000869ef7a8) 
thrown [s\open\src\hotspot\share\interpreter\linkResolver.cpp, line 840]
Event: 8.891 Thread 0x0000014466861420 Exception <a 'java/io/FileNotFoundException'{0x00000000838c24d8}> (0x00000000838c24d8) 
thrown [s\open\src\hotspot\share\prims\jni.cpp, line 520]
Event: 8.892 Thread 0x0000014466861420 Exception <a 'java/io/FileNotFoundException'{0x00000000838cc588}> (0x00000000838cc588) 
thrown [s\open\src\hotspot\share\prims\jni.cpp, line 520]
Event: 8.961 Thread 0x0000014466861420 Exception <a 'java/lang/NoSuchMethodError'{0x00000000835176f8}: 'java.lang.Object java.lang.invoke.DirectMethodHandle$Holder.newInvokeSpecial(java.lang.Object, java.lang.Object, java.lang.Object, java.lang.Object, java.lang.Object, java.lang.Object, java.lang.Object, java.lang.Object)'> (0x00000000835176f8) 
thrown [s\open\src\hotspot\share\interpreter\linkResolver.cpp, line 773]
Event: 9.141 Thread 0x0000014466861420 Exception <a 'java/lang/NoSuchMethodError'{0x0000000086aaf988}: 'void java.lang.invoke.DirectMethodHandle$Holder.invokeVirtual(java.lang.Object, java.lang.Object, long)'> (0x0000000086aaf988) 
thrown [s\open\src\hotspot\share\interpreter\linkResolver.cpp, line 773]
Event: 9.327 Thread 0x0000014466861420 Exception <a 'java/lang/IncompatibleClassChangeError'{0x00000000836f1388}: Found class java.lang.Object, but interface was expected> (0x00000000836f1388) 
thrown [s\open\src\hotspot\share\interpreter\linkResolver.cpp, line 840]
Event: 9.376 Thread 0x0000014466861420 Exception <a 'java/lang/NoSuchMethodError'{0x0000000083368298}: 'int java.lang.invoke.DirectMethodHandle$Holder.invokeStaticInit(java.lang.Object, java.lang.Object, java.lang.Object, java.lang.Object)'> (0x0000000083368298) 
thrown [s\open\src\hotspot\share\interpreter\linkResolver.cpp, line 773]
Event: 9.414 Thread 0x0000014466861420 Implicit null exception at 0x0000014455251308 to 0x00000144552515c0
Event: 9.600 Thread 0x0000014466861420 Exception <a 'java/lang/NoSuchMethodError'{0x0000000086c7ce08}: 'java.lang.Object java.lang.invoke.DirectMethodHandle$Holder.newInvokeSpecial(java.lang.Object, java.lang.Object, int, java.lang.Object, java.lang.Object)'> (0x0000000086c7ce08) 
thrown [s\open\src\hotspot\share\interpreter\linkResolver.cpp, line 773]
Event: 9.601 Thread 0x0000014466861420 Exception <a 'java/lang/NoSuchMethodError'{0x0000000086c87cb8}: 'java.lang.Object java.lang.invoke.DirectMethodHandle$Holder.invokeSpecial(java.lang.Object, java.lang.Object, int, java.lang.Object, int, java.lang.Object)'> (0x0000000086c87cb8) 
thrown [s\open\src\hotspot\share\interpreter\linkResolver.cpp, line 773]
Event: 9.602 Thread 0x0000014466861420 Exception <a 'java/lang/NoSuchMethodError'{0x0000000086c8f358}: 'java.lang.Object java.lang.invoke.DirectMethodHandle$Holder.newInvokeSpecial(java.lang.Object, java.lang.Object, int, java.lang.Object, int)'> (0x0000000086c8f358) 
thrown [s\open\src\hotspot\share\interpreter\linkResolver.cpp, line 773]
Event: 9.602 Thread 0x0000014466861420 Exception <a 'java/lang/NoSuchMethodError'{0x0000000086c931c8}: 'java.lang.Object java.lang.invoke.DirectMethodHandle$Holder.invokeSpecial(java.lang.Object, java.lang.Object, java.lang.Object, int, java.lang.Object, int)'> (0x0000000086c931c8) 
thrown [s\open\src\hotspot\share\interpreter\linkResolver.cpp, line 773]
Event: 370.712 Thread 0x0000014468ce3dd0 Exception <a 'java/lang/NoSuchMethodError'{0x0000000083f2db40}: 'java.lang.Object java.lang.invoke.DirectMethodHandle$Holder.invokeSpecial(java.lang.Object, java.lang.Object, java.lang.Object, java.lang.Object, java.lang.Object, long)'> (0x0000000083f2db40) 
thrown [s\open\src\hotspot\share\interpreter\linkResolver.cpp, line 773]
Event: 370.712 Thread 0x0000014468ce3dd0 Exception <a 'java/lang/NoSuchMethodError'{0x0000000083f31300}: 'java.lang.Object java.lang.invoke.Invokers$Holder.linkToTargetMethod(java.lang.Object, java.lang.Object, java.lang.Object, long, java.lang.Object)'> (0x0000000083f31300) 
thrown [s\open\src\hotspot\share\interpreter\linkResolver.cpp, line 773]

ZGC Phase Switch (0 events):
No events

VM Operations (20 events):
Event: 208.053 Executing VM operation: Cleanup
Event: 208.053 Executing VM operation: Cleanup done
Event: 212.088 Executing VM operation: Cleanup
Event: 212.088 Executing VM operation: Cleanup done
Event: 216.116 Executing VM operation: Cleanup
Event: 216.116 Executing VM operation: Cleanup done
Event: 237.291 Executing VM operation: Cleanup
Event: 237.291 Executing VM operation: Cleanup done
Event: 266.503 Executing VM operation: Cleanup
Event: 266.503 Executing VM operation: Cleanup done
Event: 319.976 Executing VM operation: Cleanup
Event: 319.976 Executing VM operation: Cleanup done
Event: 350.243 Executing VM operation: Cleanup
Event: 350.243 Executing VM operation: Cleanup done
Event: 370.733 Executing VM operation: HandshakeAllThreads (Deoptimize)
Event: 370.734 Executing VM operation: HandshakeAllThreads (Deoptimize) done
Event: 370.734 Executing VM operation: Cleanup
Event: 370.734 Executing VM operation: Cleanup done
Event: 370.862 Executing VM operation: HandshakeAllThreads (Deoptimize)
Event: 370.862 Executing VM operation: HandshakeAllThreads (Deoptimize) done

Events (20 events):
Event: 9.587 Thread 0x0000014468ce3dd0 Thread exited: 0x0000014468ce3dd0
Event: 9.612 Thread 0x0000014468ce3dd0 Thread added: 0x0000014468ce3dd0
Event: 9.613 Thread 0x000001446b6eb390 Thread added: 0x000001446b6eb390
Event: 9.613 Thread 0x000001446b6ec0b0 Thread added: 0x000001446b6ec0b0
Event: 9.613 Thread 0x000001446b6e64d0 Thread added: 0x000001446b6e64d0
Event: 9.613 Thread 0x000001446b6e71f0 Thread added: 0x000001446b6e71f0
Event: 9.613 Thread 0x000001446b6e8c30 Thread added: 0x000001446b6e8c30
Event: 9.613 Thread 0x000001446b6e5120 Thread added: 0x000001446b6e5120
Event: 9.613 Thread 0x000001446b6ec740 Thread added: 0x000001446b6ec740
Event: 9.614 Thread 0x000001446b6eba20 Thread added: 0x000001446b6eba20
Event: 9.614 Thread 0x000001446b6e57b0 Thread added: 0x000001446b6e57b0
Event: 9.631 Thread 0x000001446b6e6b60 Thread added: 0x000001446b6e6b60
Event: 9.633 Thread 0x000001446b6e7880 Thread added: 0x000001446b6e7880
Event: 9.660 Thread 0x0000014466861420 Thread exited: 0x0000014466861420
Event: 9.665 Thread 0x00000144661dbdd0 Thread exited: 0x00000144661dbdd0
Event: 9.665 Thread 0x0000014443068900 Thread exited: 0x0000014443068900
Event: 9.665 Thread 0x000001446b6e85a0 Thread added: 0x000001446b6e85a0
Event: 10.581 Thread 0x0000014469641e70 Thread exited: 0x0000014469641e70
Event: 12.315 Thread 0x0000014466f46a70 Thread exited: 0x0000014466f46a70
Event: 370.766 Thread 0x0000014469641e70 Thread added: 0x0000014469641e70


Dynamic libraries:
0x00007ff7eb9e0000 - 0x00007ff7eb9f0000 	C:\Program Files\Java\jdk-21\bin\java.exe
0x00007ff819c90000 - 0x00007ff819e88000 	C:\Windows\SYSTEM32\ntdll.dll
0x00007ff819230000 - 0x00007ff8192ed000 	C:\Windows\System32\KERNEL32.DLL
0x00007ff817560000 - 0x00007ff817856000 	C:\Windows\System32\KERNELBASE.dll
0x00007ff8179b0000 - 0x00007ff817ab0000 	C:\Windows\System32\ucrtbase.dll
0x00007ff802380000 - 0x00007ff80239b000 	C:\Program Files\Java\jdk-21\bin\VCRUNTIME140.dll
0x00007ff804610000 - 0x00007ff804629000 	C:\Program Files\Java\jdk-21\bin\jli.dll
0x00007ff8190d0000 - 0x00007ff819180000 	C:\Windows\System32\ADVAPI32.dll
0x00007ff8180b0000 - 0x00007ff81814e000 	C:\Windows\System32\msvcrt.dll
0x00007ff818010000 - 0x00007ff8180b0000 	C:\Windows\System32\sechost.dll
0x00007ff818990000 - 0x00007ff818ab5000 	C:\Windows\System32\RPCRT4.dll
0x00007ff817430000 - 0x00007ff817457000 	C:\Windows\System32\bcrypt.dll
0x00007ff818ad0000 - 0x00007ff818c6e000 	C:\Windows\System32\USER32.dll
0x00007ff817860000 - 0x00007ff817882000 	C:\Windows\System32\win32u.dll
0x00007ff819200000 - 0x00007ff81922b000 	C:\Windows\System32\GDI32.dll
0x00007ff817890000 - 0x00007ff8179a7000 	C:\Windows\System32\gdi32full.dll
0x00007ff817340000 - 0x00007ff8173dd000 	C:\Windows\System32\msvcp_win.dll
0x00007ff80d990000 - 0x00007ff80dc2a000 	C:\Windows\WinSxS\amd64_microsoft.windows.common-controls_6595b64144ccf1df_6.0.19041.3636_none_60b6a03d71f818d5\COMCTL32.dll
0x00007ff80e4e0000 - 0x00007ff80e4ea000 	C:\Windows\SYSTEM32\VERSION.dll
0x00007ff818f50000 - 0x00007ff818f82000 	C:\Windows\System32\IMM32.DLL
0x00007ff805b10000 - 0x00007ff805b1c000 	C:\Program Files\Java\jdk-21\bin\vcruntime140_1.dll
0x00007fffe85b0000 - 0x00007fffe863e000 	C:\Program Files\Java\jdk-21\bin\msvcp140.dll
0x00007fffd0b20000 - 0x00007fffd1835000 	C:\Program Files\Java\jdk-21\bin\server\jvm.dll
0x00007ff817f10000 - 0x00007ff817f7b000 	C:\Windows\System32\WS2_32.dll
0x00007ff8168e0000 - 0x00007ff81692b000 	C:\Windows\SYSTEM32\POWRPROF.dll
0x00007ff80eee0000 - 0x00007ff80ef07000 	C:\Windows\SYSTEM32\WINMM.dll
0x00007ff816750000 - 0x00007ff816762000 	C:\Windows\SYSTEM32\UMPDC.dll
0x00007ff815bd0000 - 0x00007ff815be2000 	C:\Windows\SYSTEM32\kernel.appcore.dll
0x00007ff805190000 - 0x00007ff80519a000 	C:\Program Files\Java\jdk-21\bin\jimage.dll
0x00007ff810da0000 - 0x00007ff810f84000 	C:\Windows\SYSTEM32\DBGHELP.DLL
0x00007ff8111d0000 - 0x00007ff811204000 	C:\Windows\SYSTEM32\dbgcore.DLL
0x00007ff8174d0000 - 0x00007ff817552000 	C:\Windows\System32\bcryptPrimitives.dll
0x00007ff80b2b0000 - 0x00007ff80b2ec000 	C:\Program Files\Java\jdk-21\bin\jdwp.dll
0x00007ff802220000 - 0x00007ff80223f000 	C:\Program Files\Java\jdk-21\bin\java.dll
0x00007ff818220000 - 0x00007ff81898b000 	C:\Windows\System32\SHELL32.dll
0x00007ff8153d0000 - 0x00007ff815b6e000 	C:\Windows\SYSTEM32\windows.storage.dll
0x00007ff819760000 - 0x00007ff819ab3000 	C:\Windows\System32\combase.dll
0x00007ff816d70000 - 0x00007ff816d9e000 	C:\Windows\SYSTEM32\Wldp.dll
0x00007ff818150000 - 0x00007ff81821d000 	C:\Windows\System32\OLEAUT32.dll
0x00007ff817d50000 - 0x00007ff817dfd000 	C:\Windows\System32\SHCORE.dll
0x00007ff817eb0000 - 0x00007ff817f05000 	C:\Windows\System32\shlwapi.dll
0x00007ff817270000 - 0x00007ff817295000 	C:\Windows\SYSTEM32\profapi.dll
0x00007fffde510000 - 0x00007fffde5e7000 	C:\Program Files\Java\jdk-21\bin\jsvml.dll
0x00007ff812900000 - 0x00007ff81290c000 	C:\Program Files\Java\jdk-21\bin\dt_socket.dll
0x00007ff816770000 - 0x00007ff8167ab000 	C:\Windows\SYSTEM32\IPHLPAPI.DLL
0x00007ff816ad0000 - 0x00007ff816b3a000 	C:\Windows\system32\mswsock.dll
0x00007ff8050e0000 - 0x00007ff8050f0000 	C:\Program Files\Java\jdk-21\bin\net.dll
0x00007ff80f8e0000 - 0x00007ff80f9ea000 	C:\Windows\SYSTEM32\WINHTTP.dll
0x00007ffffdee0000 - 0x00007ffffdef6000 	C:\Program Files\Java\jdk-21\bin\nio.dll
0x00007ffffc440000 - 0x00007ffffc458000 	C:\Program Files\Java\jdk-21\bin\zip.dll
0x00007ff812340000 - 0x00007ff81234a000 	C:\Program Files\Java\jdk-21\bin\management.dll
0x00007ff811f50000 - 0x00007ff811f5b000 	C:\Program Files\Java\jdk-21\bin\management_ext.dll
0x00007ff818d90000 - 0x00007ff818d98000 	C:\Windows\System32\PSAPI.DLL
0x00007ff816cd0000 - 0x00007ff816ce8000 	C:\Windows\SYSTEM32\CRYPTSP.dll
0x00007ff816390000 - 0x00007ff8163c4000 	C:\Windows\system32\rsaenh.dll
0x00007ff8171f0000 - 0x00007ff81721e000 	C:\Windows\SYSTEM32\USERENV.dll
0x00007ff816cc0000 - 0x00007ff816ccc000 	C:\Windows\SYSTEM32\CRYPTBASE.dll
0x00007ff817d40000 - 0x00007ff817d48000 	C:\Windows\System32\NSI.dll
0x00007ff80f5a0000 - 0x00007ff80f5ae000 	C:\Program Files\Java\jdk-21\bin\sunmscapi.dll
0x00007ff817b60000 - 0x00007ff817cbd000 	C:\Windows\System32\CRYPT32.dll
0x00007ff816de0000 - 0x00007ff816e08000 	C:\Windows\SYSTEM32\ncrypt.dll
0x00007ff816da0000 - 0x00007ff816ddb000 	C:\Windows\SYSTEM32\NTASN1.dll
0x00007ff802d70000 - 0x00007ff802d80000 	C:\Program Files\Java\jdk-21\bin\verify.dll
0x00007ff8167b0000 - 0x00007ff81687b000 	C:\Windows\SYSTEM32\DNSAPI.dll
0x0000000075180000 - 0x00000000751a6000 	C:\Program Files\Bonjour\mdnsNSP.dll
0x00007ff80dd60000 - 0x00007ff80dd6a000 	C:\Windows\System32\rasadhlp.dll
0x00007ff80e2e0000 - 0x00007ff80e360000 	C:\Windows\System32\fwpuclnt.dll
0x00007ff8049a0000 - 0x00007ff8049a7000 	C:\Program Files\Java\jdk-21\bin\extnet.dll
0x00007ffff3c10000 - 0x00007ffff3c17000 	C:\Windows\system32\wshunix.dll

dbghelp: loaded successfully - version: 4.0.5 - missing functions: none
symbol engine: initialized successfully - sym options: 0x614 - pdb path: .;C:\Program Files\Java\jdk-21\bin;C:\Windows\SYSTEM32;C:\Windows\WinSxS\amd64_microsoft.windows.common-controls_6595b64144ccf1df_6.0.19041.3636_none_60b6a03d71f818d5;C:\Program Files\Java\jdk-21\bin\server;C:\Program Files\Bonjour

VM Arguments:
jvm_args: -agentlib:jdwp=transport=dt_socket,address=127.0.0.1:61417,suspend=y,server=n -Dfile.encoding=UTF-8 -Dsun.stdout.encoding=UTF-8 -Dsun.stderr.encoding=UTF-8 
java_command: com.OtpSending.OtpSendingApplication
java_class_path (initial): D:\coding 1\OtpSending\target\classes;C:\Users\Ljwb\.m2\repository\org\springframework\boot\spring-boot-starter-data-jpa\3.1.10\spring-boot-starter-data-jpa-3.1.10.jar;C:\Users\Ljwb\.m2\repository\org\springframework\boot\spring-boot-starter-aop\3.1.10\spring-boot-starter-aop-3.1.10.jar;C:\Users\Ljwb\.m2\repository\org\springframework\spring-aop\6.0.18\spring-aop-6.0.18.jar;C:\Users\Ljwb\.m2\repository\org\aspectj\aspectjweaver\1.9.21\aspectjweaver-1.9.21.jar;C:\Users\Ljwb\.m2\repository\org\springframework\boot\spring-boot-starter-jdbc\3.1.10\spring-boot-starter-jdbc-3.1.10.jar;C:\Users\Ljwb\.m2\repository\com\zaxxer\HikariCP\5.0.1\HikariCP-5.0.1.jar;C:\Users\Ljwb\.m2\repository\org\springframework\spring-jdbc\6.0.18\spring-jdbc-6.0.18.jar;C:\Users\Ljwb\.m2\repository\org\hibernate\orm\hibernate-core\6.2.22.Final\hibernate-core-6.2.22.Final.jar;C:\Users\Ljwb\.m2\repository\jakarta\persistence\jakarta.persistence-api\3.1.0\jakarta.persistence-api-3.1.0.jar;C:\Users\Ljwb\.m2\repository\jakarta\transaction\jakarta.transaction-api\2.0.1\jakarta.transaction-api-2.0.1.jar;C:\Users\Ljwb\.m2\repository\org\jboss\logging\jboss-logging\3.5.3.Final\jboss-logging-3.5.3.Final.jar;C:\Users\Ljwb\.m2\repository\org\hibernate\common\hibernate-commons-annotations\6.0.6.Final\hibernate-commons-annotations-6.0.6.Final.jar;C:\Users\Ljwb\.m2\repository\io\smallrye\jandex\3.0.5\jandex-3.0.5.jar;C:\Users\Ljwb\.m2\repository\com\fasterxml\classmate\1.5.1\classmate-1.5.1.jar;C:\Users\Ljwb\.m2\repository\net\bytebuddy\byte-buddy\1.14.12\byte-buddy-1.14.12.jar;C:\Users\Ljwb\.m2\repository\org\glassfish\jaxb\jaxb-runtime\4.0.5\jaxb-runtime-4.0.5.jar;C:\Users\Ljwb\.m2\repository\org\glassfish\jaxb\jaxb-core\4.0.5\jaxb-core-4.0.5.jar;C:\Users\Ljwb\.m2\repository\org\glassfish\jaxb\txw2\4.0.5\txw2-4.0.5.jar;C:\Users\Ljwb\.m2\repository\com\sun\istack\istack-commons-runtime\4.1.2\istack-commons-runtime-4.1.2.jar;C:\Users\Ljwb\.m2\repository\jakarta\inject\jakarta.inject-api\2.0.1\jakarta.inject-api-2.0.1.jar;C:\Users\Ljwb\.m2\repository\org\antlr\antlr4-runtime\4.10.1\antlr4-runtime-4.10.1.jar;C:\Users\Ljwb\.m2\repository\org\springframework\data\spring-data-jpa\3.1.10\spring-data-jpa-3.1.10.jar;C:\Users\Ljwb\.m2\repository\org\springframework\data\spring-data-commons\3.1.10\spring-data-commons-3.1.10.jar;C:\Users\Ljwb\.m2\repository\org\springframework\spring-orm\6.0.18\spring-orm-6.0.18.jar;C:\Users\Ljwb\.m2\repository\org\springframework\spring-context\6.0.18\spring-context-6.0.18.jar;C:\Users\Ljwb\.m2\repository\org\springframework\spring-tx\6.0.18\spring-tx-6.0.18.jar;C:\Users\Ljwb\.m2\repository\org\springframework\spring-beans\6.0.18\spring-beans-6.0.18.jar;C:\Users\Ljwb\.m2\repository\jakarta\annotation\jakarta.annotation-api\2.1.1\jakarta.annotation-api-2.1.1.jar;C:\Users\Ljwb\.m2\repository\org\slf4j\slf4j-api\2.0.12\slf4j-api-2.0.12.jar;C:\Users\Ljwb\.m2\repository\org\springframework\spring-aspects\6.0.18\spring-aspects-6.0.18.jar;C:\Users\Ljwb\.m2\repository\org\springframework\boot\spring-boot-starter-mail\3.1.10\spring-boot-starter-mail-3.1.10.jar;C:\Users\Ljwb\.m2\repository\org\springframework\boot\spring-boot-starter\3.1.10\spring-boot-starter-3.1.10.jar;C:\Users\Ljwb\.m2\repository\org\springframework\boot\spring-boot-starter-logging\3.1.10\spring-boot-starter-logging-3.1.10.jar;C:\Users\Ljwb\.m2\repository\ch\qos\logback\logback-classic\1.4.14\logback-classic-1.4.14.jar;C:\Users\Ljwb\.m2\repository\ch\qos\logback\logback-core\1.4.14\logback-core-1.4.14.jar;C:\Users\Ljwb\.m2\repository\org\apache\logging\log4j\log4j-to-slf4j\2.20.0\log4j-to-slf4j-2.20.0.jar;C:\Users\Ljwb\.m2\repository\org\apache\logging\log4j\log4j-api\2.20.0\log4j-api-2.20.0.jar;C:\Users\Ljwb\.m2\repository\org\slf4j\jul-to-slf4j\2.0.12\jul-to-slf4j-2.0.12.jar;C:\Users\Ljwb\.m2\repository\org\yaml\snakeyaml\1.33\snakeyaml-1.33.jar;C:\Users\Ljwb\.m2\repository\org\springframework\spring-context-support\6.0.18\spring-context-support-6.0.18.jar;C:\Users\Ljwb\.m2\repository\org\eclipse\angus\jakarta.mail\1.1.0\jakarta.mail-1.1.0.jar;C:\Users\Ljwb\.m2\repository\jakarta\activation\jakarta.activation-api\2.1.3\jakarta.activation-api-2.1.3.jar;C:\Users\Ljwb\.m2\repository\org\eclipse\angus\angus-activation\2.0.2\angus-activation-2.0.2.jar;C:\Users\Ljwb\.m2\repository\org\springframework\boot\spring-boot-starter-web\3.1.10\spring-boot-starter-web-3.1.10.jar;C:\Users\Ljwb\.m2\repository\org\springframework\boot\spring-boot-starter-json\3.1.10\spring-boot-starter-json-3.1.10.jar;C:\Users\Ljwb\.m2\repository\com\fasterxml\jackson\core\jackson-databind\2.15.4\jackson-databind-2.15.4.jar;C:\Users\Ljwb\.m2\repository\com\fasterxml\jackson\core\jackson-annotations\2.15.4\jackson-annotations-2.15.4.jar;C:\Users\Ljwb\.m2\repository\com\fasterxml\jackson\core\jackson-core\2.15.4\jackson-core-2.15.4.jar;C:\Users\Ljwb\.m2\repository\com\fasterxml\jackson\datatype\jackson-datatype-jdk8\2.15.4\jackson-datatype-jdk8-2.15.4.jar;C:\Users\Ljwb\.m2\repository\com\fasterxml\jackson\datatype\jackson-datatype-jsr310\2.15.4\jackson-datatype-jsr310-2.15.4.jar;C:\Users\Ljwb\.m2\repository\com\fasterxml\jackson\module\jackson-module-parameter-names\2.15.4\jackson-module-parameter-names-2.15.4.jar;C:\Users\Ljwb\.m2\repository\org\springframework\boot\spring-boot-starter-tomcat\3.1.10\spring-boot-starter-tomcat-3.1.10.jar;C:\Users\Ljwb\.m2\repository\org\apache\tomcat\embed\tomcat-embed-core\10.1.19\tomcat-embed-core-10.1.19.jar;C:\Users\Ljwb\.m2\repository\org\apache\tomcat\embed\tomcat-embed-el\10.1.19\tomcat-embed-el-10.1.19.jar;C:\Users\Ljwb\.m2\repository\org\apache\tomcat\embed\tomcat-embed-websocket\10.1.19\tomcat-embed-websocket-10.1.19.jar;C:\Users\Ljwb\.m2\repository\org\springframework\spring-web\6.0.18\spring-web-6.0.18.jar;C:\Users\Ljwb\.m2\repository\io\micrometer\micrometer-observation\1.11.10\micrometer-observation-1.11.10.jar;C:\Users\Ljwb\.m2\repository\io\micrometer\micrometer-commons\1.11.10\micrometer-commons-1.11.10.jar;C:\Users\Ljwb\.m2\repository\org\springframework\spring-webmvc\6.0.18\spring-webmvc-6.0.18.jar;C:\Users\Ljwb\.m2\repository\org\springframework\spring-expression\6.0.18\spring-expression-6.0.18.jar;C:\Users\Ljwb\.m2\repository\org\springframework\boot\spring-boot-devtools\3.1.10\spring-boot-devtools-3.1.10.jar;C:\Users\Ljwb\.m2\repository\org\springframework\boot\spring-boot\3.1.10\spring-boot-3.1.10.jar;C:\Users\Ljwb\.m2\repository\org\springframework\boot\spring-boot-autoconfigure\3.1.10\spring-boot-autoconfigure-3.1.10.jar;C:\Users\Ljwb\.m2\repository\com\mysql\mysql-connector-j\8.0.33\mysql-connector-j-8.0.33.jar;C:\Users\Ljwb\.m2\repository\org\projectlombok\lombok\1.18.30\lombok-1.18.30.jar;C:\Users\Ljwb\.m2\repository\jakarta\xml\bind\jakarta.xml.bind-api\4.0.2\jakarta.xml.bind-api-4.0.2.jar;C:\Users\Ljwb\.m2\repository\org\springframework\spring-core\6.0.18\spring-core-6.0.18.jar;C:\Users\Ljwb\.m2\repository\org\springframework\spring-jcl\6.0.18\spring-jcl-6.0.18.jar;C:\Program Files\JetBrains\IntelliJ IDEA Community Edition 2022.3.2\lib\idea_rt.jar
Launcher Type: SUN_STANDARD

[Global flags]
     intx CICompilerCount                          = 3                                         {product} {ergonomic}
     uint ConcGCThreads                            = 1                                         {product} {ergonomic}
     uint G1ConcRefinementThreads                  = 4                                         {product} {ergonomic}
   size_t G1HeapRegionSize                         = 1048576                                   {product} {ergonomic}
    uintx GCDrainStackTargetSize                   = 64                                        {product} {ergonomic}
   size_t InitialHeapSize                          = 134217728                                 {product} {ergonomic}
   size_t MarkStackSize                            = 4194304                                   {product} {ergonomic}
   size_t MaxHeapSize                              = 2124414976                                {product} {ergonomic}
   size_t MaxNewSize                               = 1274019840                                {product} {ergonomic}
   size_t MinHeapDeltaBytes                        = 1048576                                   {product} {ergonomic}
   size_t MinHeapSize                              = 8388608                                   {product} {ergonomic}
    uintx NonNMethodCodeHeapSize                   = 5832780                                {pd product} {ergonomic}
    uintx NonProfiledCodeHeapSize                  = 122912730                              {pd product} {ergonomic}
     bool PerfDisableSharedMem                     = true                                      {product} {ergonomic}
    uintx ProfiledCodeHeapSize                     = 122912730                              {pd product} {ergonomic}
    uintx ReservedCodeCacheSize                    = 251658240                              {pd product} {ergonomic}
     bool SegmentedCodeCache                       = true                                      {product} {ergonomic}
   size_t SoftMaxHeapSize                          = 2124414976                             {manageable} {ergonomic}
     bool UseCompressedOops                        = true                           {product lp64_product} {ergonomic}
     bool UseG1GC                                  = true                                      {product} {ergonomic}
     bool UseLargePagesIndividualAllocation        = false                                  {pd product} {ergonomic}

Logging:
Log output configuration:
 #0: stdout all=warning uptime,level,tags foldmultilines=false
 #1: stderr all=off uptime,level,tags foldmultilines=false

Environment Variables:
JAVA_HOME=C:\openlogic-openjdk-jre-8u342
PATH=C:\Program Files\Common Files\Oracle\Java\javapath;C:\Python311\Scripts\;C:\Python311\;C:\Program Files (x86)\Intel\iCLS Client\;C:\Program Files\Intel\iCLS Client\;C:\Program Files\Java\jdk1.8.0_202\bin;E:\oracle\product\10.2.0\db_1\bin;C:\Program Files (x86)\Common Files\Oracle\Java\javapath;C:\Python310\Scripts\;C:\Python310\;C:\Windows\system32;C:\Windows;C:\Windows\System32\Wbem;C:\Windows\System32\WindowsPowerShell\v1.0\;C:\Windows\System32\OpenSSH\;C:\spark-3.3.0-bin-hadoop2\bin;C:\openlogic-openjdk-jre-8u342\bin;C:\Program Files\dotnet\;C:\Program Files (x86)\Intel\Intel(R) Management Engine Components\DAL;C:\Program Files\Intel\Intel(R) Management Engine Components\DAL;C:\Program Files (x86)\Intel\Intel(R) Management Engine Components\IPT;C:\Program Files\Intel\Intel(R) Management Engine Components\IPT;C:\ProgramData\chocolatey\bin;C:\Program Files\nodejs\;C:\Program Files\Git\cmd;C:\Program Files\Java\jdk1.8.0_202\bin;C:\Users\Ljwb\AppData\Local\Programs\Microsoft VS Code\bin;C:\Users\Ljwb\AppData\Roaming\npm;C:\Program Files\Java\jdk-21\bin;
USERNAME=Ljwb
OS=Windows_NT
PROCESSOR_IDENTIFIER=Intel64 Family 6 Model 60 Stepping 3, GenuineIntel
TMP=C:\Users\Ljwb\AppData\Local\Temp
TEMP=C:\Users\Ljwb\AppData\Local\Temp




Periodic native trim disabled

---------------  S Y S T E M  ---------------

OS:
 Windows 10 , 64 bit Build 19041 (10.0.19041.3636)
OS uptime: 14 days 0:30 hours

CPU: total 4 (initial active 4) (2 cores per cpu, 2 threads per core) family 6 model 60 stepping 3 microcode 0x27, cx8, cmov, fxsr, ht, mmx, sse, sse2, sse3, ssse3, sse4.1, sse4.2, popcnt, lzcnt, tsc, tscinvbit, avx, avx2, aes, erms, clmul, bmi1, bmi2, fma, vzeroupper, clflush, rdtscp, f16c
Processor Information for all 4 processors :
  Max Mhz: 2701, Current Mhz: 2701, Mhz Limit: 2701

Memory: 4k page, system-wide physical 8097M (701M free)
TotalPageFile size 11097M (AvailPageFile size 5M)
current process WorkingSet (physical memory assigned to process): 236M, peak: 265M
current process commit charge ("private bytes"): 268M, peak: 299M

vm_info: Java HotSpot(TM) 64-Bit Server VM (21.0.1+12-LTS-29) for windows-amd64 JRE (21.0.1+12-LTS-29), built on 2023-10-05T13:27:09Z by "mach5one" with MS VC++ 17.1 (VS2022)

END.
